Arguments: 
  C:\Program Files\nodejs\node.exe C:\Users\khoau\AppData\Roaming\npm\node_modules\yarn\bin\yarn.js add puppeteeth --save

PATH: 
  C:\Windows\system32;C:\Windows;C:\Windows\System32\Wbem;C:\Windows\System32\WindowsPowerShell\v1.0\;C:\Windows\System32\OpenSSH\;C:\Program Files (x86)\NVIDIA Corporation\PhysX\Common;C:\Program Files\nodejs\;C:\Program Files\Git\cmd;C:\xampp\php;C:\ProgramData\ComposerSetup\bin;C:\Users\khoau\AppData\Local\Microsoft\WindowsApps;C:\Users\khoau\AppData\Local\Programs\Microsoft VS Code\bin;C:\Users\khoau\AppData\Roaming\npm;C:\Users\khoau\AppData\Roaming\Composer\vendor\bin;C:\Users\khoau\AppData\Local\atom\bin

Yarn version: 
  1.16.0

Node version: 
  10.15.3

Platform: 
  win32 x64

Trace: 
  Error: https://registry.yarnpkg.com/puppeteeth: Not found
      at Request.params.callback [as _callback] (C:\Users\khoau\AppData\Roaming\npm\node_modules\yarn\lib\cli.js:66091:18)
      at Request.self.callback (C:\Users\khoau\AppData\Roaming\npm\node_modules\yarn\lib\cli.js:129590:22)
      at Request.emit (events.js:189:13)
      at Request.<anonymous> (C:\Users\khoau\AppData\Roaming\npm\node_modules\yarn\lib\cli.js:130562:10)
      at Request.emit (events.js:189:13)
      at IncomingMessage.<anonymous> (C:\Users\khoau\AppData\Roaming\npm\node_modules\yarn\lib\cli.js:130484:12)
      at Object.onceWrapper (events.js:277:13)
      at IncomingMessage.emit (events.js:194:15)
      at endReadableNT (_stream_readable.js:1125:12)
      at process._tickCallback (internal/process/next_tick.js:63:19)

npm manifest: 
  No manifest

yarn manifest: 
  No manifest

Lockfile: 
  No lockfile
